<?xml version="1.0" encoding="UTF-8"?>
<!-- Generated by org.testng.reporters.JUnitReportReporter -->
<testsuite hostname="MANOJI" name="com.workpackages.base.Login" tests="3" failures="0" timestamp="7 May 2021 13:58:27 GMT" time="92.608" errors="0">
  <testcase name="mainspring" time="74.978" classname="com.workpackages.base.Login"/>
  <testcase name="menu" time="16.676" classname="com.workpackages.base.Login"/>
  <testcase name="callform" time="0.954" classname="com.workpackages.base.Login"/>
</testsuite> <!-- com.workpackages.base.Login -->
