<?xml version="1.0" encoding="UTF-8"?>
<!-- Generated by org.testng.reporters.JUnitReportReporter -->
<testsuite hostname="LAP-15" failures="0" tests="3" name="com.workpackages.base.Login" time="202.522" errors="0" timestamp="2021-05-07T23:54:04 IST" skipped="0">
  <testcase classname="com.workpackages.base.Login" name="mainspring" time="83.076"/>
  <system-out/>
  <testcase classname="com.workpackages.base.Login" name="menu" time="7.429"/>
  <system-out/>
  <testcase classname="com.workpackages.base.Login" name="AstraForm" time="112.017"/>
  <system-out/>
</testsuite> <!-- com.workpackages.base.Login -->
