<?xml version="1.0" encoding="UTF-8"?>
<!-- Generated by org.testng.reporters.JUnitReportReporter -->
<testsuite hostname="MANOJI" name="com.workpackages.Astraze_menu.Formfill" tests="1" failures="0" timestamp="7 May 2021 13:17:35 GMT" time="0.125" errors="0">
  <testcase name="AstraForm" time="0.125" classname="com.workpackages.Astraze_menu.Formfill"/>
</testsuite> <!-- com.workpackages.Astraze_menu.Formfill -->
